[2023-11-21 09:35:19 [32mINFO [0;39m restartedMain] [com.green.greengram2.Greengram2Application] [36mStarting Greengram2Application using Java 17.0.8.1 with PID 4732 (D:\Students\kth\greengram2\target\classes started by Administrator in D:\Students\kth\greengram2)[0;39m
[2023-11-21 09:35:19 [32mINFO [0;39m restartedMain] [com.green.greengram2.Greengram2Application] [36mNo active profile set, falling back to 1 default profile: "default"[0;39m
[2023-11-21 09:35:19 [32mINFO [0;39m restartedMain] [org.springframework.boot.devtools.env.DevToolsPropertyDefaultsPostProcessor] [36mDevtools property defaults active! Set 'spring.devtools.add-properties' to 'false' to disable[0;39m
[2023-11-21 09:35:19 [32mINFO [0;39m restartedMain] [org.springframework.boot.devtools.env.DevToolsPropertyDefaultsPostProcessor] [36mFor additional web related logging consider setting the 'logging.level.web' property to 'DEBUG'[0;39m
[2023-11-21 09:35:20 [32mINFO [0;39m restartedMain] [org.springframework.boot.web.embedded.tomcat.TomcatWebServer] [36mTomcat initialized with port(s): 8082 (http)[0;39m
[2023-11-21 09:35:20 [32mINFO [0;39m restartedMain] [org.apache.coyote.http11.Http11NioProtocol] [36mInitializing ProtocolHandler ["http-nio-8082"][0;39m
[2023-11-21 09:35:20 [32mINFO [0;39m restartedMain] [org.apache.catalina.core.StandardService] [36mStarting service [Tomcat][0;39m
[2023-11-21 09:35:20 [32mINFO [0;39m restartedMain] [org.apache.catalina.core.StandardEngine] [36mStarting Servlet engine: [Apache Tomcat/10.1.15][0;39m
[2023-11-21 09:35:20 [32mINFO [0;39m restartedMain] [org.apache.catalina.core.ContainerBase.[Tomcat].[localhost].[/]] [36mInitializing Spring embedded WebApplicationContext[0;39m
[2023-11-21 09:35:20 [32mINFO [0;39m restartedMain] [org.springframework.boot.web.servlet.context.ServletWebServerApplicationContext] [36mRoot WebApplicationContext: initialization completed in 809 ms[0;39m
[2023-11-21 09:35:21 [32mINFO [0;39m restartedMain] [org.springframework.boot.autoconfigure.web.servlet.WelcomePageHandlerMapping] [36mAdding welcome page: class path resource [static/index.html][0;39m
[2023-11-21 09:35:21 [32mINFO [0;39m restartedMain] [org.springframework.boot.devtools.autoconfigure.OptionalLiveReloadServer] [36mLiveReload server is running on port 35729[0;39m
[2023-11-21 09:35:21 [32mINFO [0;39m restartedMain] [org.apache.coyote.http11.Http11NioProtocol] [36mStarting ProtocolHandler ["http-nio-8082"][0;39m
[2023-11-21 09:35:21 [32mINFO [0;39m restartedMain] [org.springframework.boot.web.embedded.tomcat.TomcatWebServer] [36mTomcat started on port(s): 8082 (http) with context path ''[0;39m
[2023-11-21 09:35:21 [32mINFO [0;39m restartedMain] [com.green.greengram2.Greengram2Application] [36mStarted Greengram2Application in 1.698 seconds (process running for 2.202)[0;39m
[2023-11-21 09:35:52 [32mINFO [0;39m http-nio-8082-exec-1] [org.apache.catalina.core.ContainerBase.[Tomcat].[localhost].[/]] [36mInitializing Spring DispatcherServlet 'dispatcherServlet'[0;39m
[2023-11-21 09:35:52 [32mINFO [0;39m http-nio-8082-exec-1] [org.springframework.web.servlet.DispatcherServlet] [36mInitializing Servlet 'dispatcherServlet'[0;39m
[2023-11-21 09:35:52 [32mINFO [0;39m http-nio-8082-exec-1] [org.springframework.web.servlet.DispatcherServlet] [36mCompleted initialization in 0 ms[0;39m
[2023-11-21 09:35:53 [32mINFO [0;39m http-nio-8082-exec-5] [org.springdoc.api.AbstractOpenApiResource] [36mInit duration for springdoc-openapi is: 97 ms[0;39m
[2023-11-21 09:38:24 [32mINFO [0;39m File Watcher] [org.springframework.boot.devtools.autoconfigure.LocalDevToolsAutoConfiguration$RestartingClassPathChangeChangedEventListener] [36mRestarting due to 1 class path change (1 addition, 0 deletions, 0 modifications)[0;39m
[2023-11-21 09:38:24 [32mINFO [0;39m Thread-5] [org.apache.coyote.http11.Http11NioProtocol] [36mPausing ProtocolHandler ["http-nio-8082"][0;39m
[2023-11-21 09:38:24 [32mINFO [0;39m Thread-5] [org.apache.catalina.core.StandardService] [36mStopping service [Tomcat][0;39m
[2023-11-21 09:38:24 [32mINFO [0;39m Thread-5] [org.apache.catalina.core.ContainerBase.[Tomcat].[localhost].[/]] [36mDestroying Spring FrameworkServlet 'dispatcherServlet'[0;39m
[2023-11-21 09:38:24 [32mINFO [0;39m Thread-5] [org.apache.coyote.http11.Http11NioProtocol] [36mStopping ProtocolHandler ["http-nio-8082"][0;39m
[2023-11-21 09:38:24 [32mINFO [0;39m Thread-5] [org.apache.coyote.http11.Http11NioProtocol] [36mDestroying ProtocolHandler ["http-nio-8082"][0;39m
[2023-11-21 09:38:24 [32mINFO [0;39m restartedMain] [com.green.greengram2.Greengram2Application] [36mStarting Greengram2Application using Java 17.0.8.1 with PID 4732 (D:\Students\kth\greengram2\target\classes started by Administrator in D:\Students\kth\greengram2)[0;39m
[2023-11-21 09:38:24 [32mINFO [0;39m restartedMain] [com.green.greengram2.Greengram2Application] [36mNo active profile set, falling back to 1 default profile: "default"[0;39m
[2023-11-21 09:38:24 [32mINFO [0;39m restartedMain] [org.springframework.boot.web.embedded.tomcat.TomcatWebServer] [36mTomcat initialized with port(s): 8082 (http)[0;39m
[2023-11-21 09:38:24 [32mINFO [0;39m restartedMain] [org.apache.coyote.http11.Http11NioProtocol] [36mInitializing ProtocolHandler ["http-nio-8082"][0;39m
[2023-11-21 09:38:24 [32mINFO [0;39m restartedMain] [org.apache.catalina.core.StandardService] [36mStarting service [Tomcat][0;39m
[2023-11-21 09:38:24 [32mINFO [0;39m restartedMain] [org.apache.catalina.core.StandardEngine] [36mStarting Servlet engine: [Apache Tomcat/10.1.15][0;39m
[2023-11-21 09:38:24 [32mINFO [0;39m restartedMain] [org.apache.catalina.core.ContainerBase.[Tomcat].[localhost].[/]] [36mInitializing Spring embedded WebApplicationContext[0;39m
[2023-11-21 09:38:24 [32mINFO [0;39m restartedMain] [org.springframework.boot.web.servlet.context.ServletWebServerApplicationContext] [36mRoot WebApplicationContext: initialization completed in 147 ms[0;39m
[2023-11-21 09:38:24 [32mINFO [0;39m restartedMain] [org.springframework.boot.autoconfigure.web.servlet.WelcomePageHandlerMapping] [36mAdding welcome page: class path resource [static/index.html][0;39m
[2023-11-21 09:38:24 [32mINFO [0;39m restartedMain] [org.springframework.boot.devtools.autoconfigure.OptionalLiveReloadServer] [36mLiveReload server is running on port 35729[0;39m
[2023-11-21 09:38:24 [32mINFO [0;39m restartedMain] [org.apache.coyote.http11.Http11NioProtocol] [36mStarting ProtocolHandler ["http-nio-8082"][0;39m
[2023-11-21 09:38:24 [32mINFO [0;39m restartedMain] [org.springframework.boot.web.embedded.tomcat.TomcatWebServer] [36mTomcat started on port(s): 8082 (http) with context path ''[0;39m
[2023-11-21 09:38:24 [32mINFO [0;39m restartedMain] [com.green.greengram2.Greengram2Application] [36mStarted Greengram2Application in 0.262 seconds (process running for 185.624)[0;39m
[2023-11-21 09:38:24 [32mINFO [0;39m restartedMain] [org.springframework.boot.devtools.autoconfigure.ConditionEvaluationDeltaLoggingListener] [36mCondition evaluation unchanged[0;39m
[2023-11-21 09:41:46 [32mINFO [0;39m File Watcher] [org.springframework.boot.devtools.autoconfigure.LocalDevToolsAutoConfiguration$RestartingClassPathChangeChangedEventListener] [36mRestarting due to 1 class path change (0 additions, 0 deletions, 1 modification)[0;39m
[2023-11-21 09:41:46 [32mINFO [0;39m Thread-7] [org.apache.coyote.http11.Http11NioProtocol] [36mPausing ProtocolHandler ["http-nio-8082"][0;39m
[2023-11-21 09:41:46 [32mINFO [0;39m Thread-7] [org.apache.catalina.core.StandardService] [36mStopping service [Tomcat][0;39m
[2023-11-21 09:41:46 [32mINFO [0;39m Thread-7] [org.apache.coyote.http11.Http11NioProtocol] [36mStopping ProtocolHandler ["http-nio-8082"][0;39m
[2023-11-21 09:41:46 [32mINFO [0;39m Thread-7] [org.apache.coyote.http11.Http11NioProtocol] [36mDestroying ProtocolHandler ["http-nio-8082"][0;39m
[2023-11-21 09:41:46 [32mINFO [0;39m restartedMain] [com.green.greengram2.Greengram2Application] [36mStarting Greengram2Application using Java 17.0.8.1 with PID 4732 (D:\Students\kth\greengram2\target\classes started by Administrator in D:\Students\kth\greengram2)[0;39m
[2023-11-21 09:41:46 [32mINFO [0;39m restartedMain] [com.green.greengram2.Greengram2Application] [36mNo active profile set, falling back to 1 default profile: "default"[0;39m
[2023-11-21 09:41:46 [32mINFO [0;39m restartedMain] [org.springframework.boot.web.embedded.tomcat.TomcatWebServer] [36mTomcat initialized with port(s): 8082 (http)[0;39m
[2023-11-21 09:41:46 [32mINFO [0;39m restartedMain] [org.apache.coyote.http11.Http11NioProtocol] [36mInitializing ProtocolHandler ["http-nio-8082"][0;39m
[2023-11-21 09:41:46 [32mINFO [0;39m restartedMain] [org.apache.catalina.core.StandardService] [36mStarting service [Tomcat][0;39m
[2023-11-21 09:41:46 [32mINFO [0;39m restartedMain] [org.apache.catalina.core.StandardEngine] [36mStarting Servlet engine: [Apache Tomcat/10.1.15][0;39m
[2023-11-21 09:41:46 [32mINFO [0;39m restartedMain] [org.apache.catalina.core.ContainerBase.[Tomcat].[localhost].[/]] [36mInitializing Spring embedded WebApplicationContext[0;39m
[2023-11-21 09:41:46 [32mINFO [0;39m restartedMain] [org.springframework.boot.web.servlet.context.ServletWebServerApplicationContext] [36mRoot WebApplicationContext: initialization completed in 153 ms[0;39m
[2023-11-21 09:41:46 [32mINFO [0;39m restartedMain] [org.springframework.boot.autoconfigure.web.servlet.WelcomePageHandlerMapping] [36mAdding welcome page: class path resource [static/index.html][0;39m
[2023-11-21 09:41:46 [32mINFO [0;39m restartedMain] [org.springframework.boot.devtools.autoconfigure.OptionalLiveReloadServer] [36mLiveReload server is running on port 35729[0;39m
[2023-11-21 09:41:46 [32mINFO [0;39m restartedMain] [org.apache.coyote.http11.Http11NioProtocol] [36mStarting ProtocolHandler ["http-nio-8082"][0;39m
[2023-11-21 09:41:47 [32mINFO [0;39m restartedMain] [org.springframework.boot.web.embedded.tomcat.TomcatWebServer] [36mTomcat started on port(s): 8082 (http) with context path ''[0;39m
[2023-11-21 09:41:47 [32mINFO [0;39m restartedMain] [com.green.greengram2.Greengram2Application] [36mStarted Greengram2Application in 0.281 seconds (process running for 387.954)[0;39m
[2023-11-21 09:41:47 [32mINFO [0;39m restartedMain] [org.springframework.boot.devtools.autoconfigure.ConditionEvaluationDeltaLoggingListener] [36mCondition evaluation unchanged[0;39m
[2023-11-21 09:42:36 [32mINFO [0;39m restartedMain] [com.green.greengram2.Greengram2Application] [36mStarting Greengram2Application using Java 17.0.8.1 with PID 3884 (D:\Students\kth\greengram2\target\classes started by Administrator in D:\Students\kth\greengram2)[0;39m
[2023-11-21 09:42:36 [32mINFO [0;39m restartedMain] [com.green.greengram2.Greengram2Application] [36mNo active profile set, falling back to 1 default profile: "default"[0;39m
[2023-11-21 09:42:36 [32mINFO [0;39m restartedMain] [org.springframework.boot.devtools.env.DevToolsPropertyDefaultsPostProcessor] [36mDevtools property defaults active! Set 'spring.devtools.add-properties' to 'false' to disable[0;39m
[2023-11-21 09:42:36 [32mINFO [0;39m restartedMain] [org.springframework.boot.devtools.env.DevToolsPropertyDefaultsPostProcessor] [36mFor additional web related logging consider setting the 'logging.level.web' property to 'DEBUG'[0;39m
[2023-11-21 09:42:37 [32mINFO [0;39m restartedMain] [org.springframework.boot.web.embedded.tomcat.TomcatWebServer] [36mTomcat initialized with port(s): 8082 (http)[0;39m
[2023-11-21 09:42:37 [32mINFO [0;39m restartedMain] [org.apache.coyote.http11.Http11NioProtocol] [36mInitializing ProtocolHandler ["http-nio-8082"][0;39m
[2023-11-21 09:42:37 [32mINFO [0;39m restartedMain] [org.apache.catalina.core.StandardService] [36mStarting service [Tomcat][0;39m
[2023-11-21 09:42:37 [32mINFO [0;39m restartedMain] [org.apache.catalina.core.StandardEngine] [36mStarting Servlet engine: [Apache Tomcat/10.1.15][0;39m
[2023-11-21 09:42:37 [32mINFO [0;39m restartedMain] [org.apache.catalina.core.ContainerBase.[Tomcat].[localhost].[/]] [36mInitializing Spring embedded WebApplicationContext[0;39m
[2023-11-21 09:42:37 [32mINFO [0;39m restartedMain] [org.springframework.boot.web.servlet.context.ServletWebServerApplicationContext] [36mRoot WebApplicationContext: initialization completed in 679 ms[0;39m
[2023-11-21 09:42:37 [32mINFO [0;39m restartedMain] [org.springframework.boot.autoconfigure.web.servlet.WelcomePageHandlerMapping] [36mAdding welcome page: class path resource [static/index.html][0;39m
[2023-11-21 09:42:37 [32mINFO [0;39m restartedMain] [org.springframework.boot.devtools.autoconfigure.OptionalLiveReloadServer] [36mLiveReload server is running on port 35729[0;39m
[2023-11-21 09:42:37 [32mINFO [0;39m restartedMain] [org.apache.coyote.http11.Http11NioProtocol] [36mStarting ProtocolHandler ["http-nio-8082"][0;39m
[2023-11-21 09:42:37 [32mINFO [0;39m restartedMain] [org.springframework.boot.web.embedded.tomcat.TomcatWebServer] [36mTomcat started on port(s): 8082 (http) with context path ''[0;39m
[2023-11-21 09:42:37 [32mINFO [0;39m restartedMain] [com.green.greengram2.Greengram2Application] [36mStarted Greengram2Application in 1.444 seconds (process running for 1.809)[0;39m
[2023-11-21 09:42:40 [32mINFO [0;39m http-nio-8082-exec-1] [org.apache.catalina.core.ContainerBase.[Tomcat].[localhost].[/]] [36mInitializing Spring DispatcherServlet 'dispatcherServlet'[0;39m
[2023-11-21 09:42:40 [32mINFO [0;39m http-nio-8082-exec-1] [org.springframework.web.servlet.DispatcherServlet] [36mInitializing Servlet 'dispatcherServlet'[0;39m
[2023-11-21 09:42:40 [32mINFO [0;39m http-nio-8082-exec-1] [org.springframework.web.servlet.DispatcherServlet] [36mCompleted initialization in 1 ms[0;39m
[2023-11-21 09:42:41 [32mINFO [0;39m http-nio-8082-exec-4] [org.springdoc.api.AbstractOpenApiResource] [36mInit duration for springdoc-openapi is: 120 ms[0;39m
[2023-11-21 09:44:36 [32mINFO [0;39m File Watcher] [org.springframework.boot.devtools.autoconfigure.LocalDevToolsAutoConfiguration$RestartingClassPathChangeChangedEventListener] [36mRestarting due to 1 class path change (0 additions, 1 deletion, 0 modifications)[0;39m
[2023-11-21 09:44:36 [32mINFO [0;39m Thread-5] [org.apache.coyote.http11.Http11NioProtocol] [36mPausing ProtocolHandler ["http-nio-8082"][0;39m
[2023-11-21 09:44:36 [32mINFO [0;39m Thread-5] [org.apache.catalina.core.StandardService] [36mStopping service [Tomcat][0;39m
[2023-11-21 09:44:36 [32mINFO [0;39m Thread-5] [org.apache.catalina.core.ContainerBase.[Tomcat].[localhost].[/]] [36mDestroying Spring FrameworkServlet 'dispatcherServlet'[0;39m
[2023-11-21 09:44:36 [32mINFO [0;39m Thread-5] [org.apache.coyote.http11.Http11NioProtocol] [36mStopping ProtocolHandler ["http-nio-8082"][0;39m
[2023-11-21 09:44:36 [32mINFO [0;39m Thread-5] [org.apache.coyote.http11.Http11NioProtocol] [36mDestroying ProtocolHandler ["http-nio-8082"][0;39m
[2023-11-21 09:44:36 [32mINFO [0;39m restartedMain] [com.green.greengram2.Greengram2Application] [36mStarting Greengram2Application using Java 17.0.8.1 with PID 3884 (D:\Students\kth\greengram2\target\classes started by Administrator in D:\Students\kth\greengram2)[0;39m
[2023-11-21 09:44:36 [32mINFO [0;39m restartedMain] [com.green.greengram2.Greengram2Application] [36mNo active profile set, falling back to 1 default profile: "default"[0;39m
[2023-11-21 09:44:36 [32mINFO [0;39m restartedMain] [org.springframework.boot.web.embedded.tomcat.TomcatWebServer] [36mTomcat initialized with port(s): 8082 (http)[0;39m
[2023-11-21 09:44:36 [32mINFO [0;39m restartedMain] [org.apache.coyote.http11.Http11NioProtocol] [36mInitializing ProtocolHandler ["http-nio-8082"][0;39m
[2023-11-21 09:44:36 [32mINFO [0;39m restartedMain] [org.apache.catalina.core.StandardService] [36mStarting service [Tomcat][0;39m
[2023-11-21 09:44:36 [32mINFO [0;39m restartedMain] [org.apache.catalina.core.StandardEngine] [36mStarting Servlet engine: [Apache Tomcat/10.1.15][0;39m
[2023-11-21 09:44:36 [32mINFO [0;39m restartedMain] [org.apache.catalina.core.ContainerBase.[Tomcat].[localhost].[/]] [36mInitializing Spring embedded WebApplicationContext[0;39m
[2023-11-21 09:44:36 [32mINFO [0;39m restartedMain] [org.springframework.boot.web.servlet.context.ServletWebServerApplicationContext] [36mRoot WebApplicationContext: initialization completed in 162 ms[0;39m
[2023-11-21 09:44:36 [32mINFO [0;39m restartedMain] [org.springframework.boot.autoconfigure.web.servlet.WelcomePageHandlerMapping] [36mAdding welcome page: class path resource [static/index.html][0;39m
[2023-11-21 09:44:36 [32mINFO [0;39m restartedMain] [org.springframework.boot.devtools.autoconfigure.OptionalLiveReloadServer] [36mLiveReload server is running on port 35729[0;39m
[2023-11-21 09:44:36 [32mINFO [0;39m restartedMain] [org.apache.coyote.http11.Http11NioProtocol] [36mStarting ProtocolHandler ["http-nio-8082"][0;39m
[2023-11-21 09:44:36 [32mINFO [0;39m restartedMain] [org.springframework.boot.web.embedded.tomcat.TomcatWebServer] [36mTomcat started on port(s): 8082 (http) with context path ''[0;39m
[2023-11-21 09:44:36 [32mINFO [0;39m restartedMain] [com.green.greengram2.Greengram2Application] [36mStarted Greengram2Application in 0.295 seconds (process running for 120.86)[0;39m
[2023-11-21 09:44:36 [32mINFO [0;39m restartedMain] [org.springframework.boot.devtools.autoconfigure.ConditionEvaluationDeltaLoggingListener] [36mCondition evaluation unchanged[0;39m
[2023-11-21 09:44:38 [32mINFO [0;39m File Watcher] [org.springframework.boot.devtools.autoconfigure.LocalDevToolsAutoConfiguration$RestartingClassPathChangeChangedEventListener] [36mRestarting due to 1 class path change (1 addition, 0 deletions, 0 modifications)[0;39m
[2023-11-21 09:44:38 [32mINFO [0;39m Thread-7] [org.apache.coyote.http11.Http11NioProtocol] [36mPausing ProtocolHandler ["http-nio-8082"][0;39m
[2023-11-21 09:44:38 [32mINFO [0;39m Thread-7] [org.apache.catalina.core.StandardService] [36mStopping service [Tomcat][0;39m
[2023-11-21 09:44:38 [32mINFO [0;39m Thread-7] [org.apache.coyote.http11.Http11NioProtocol] [36mStopping ProtocolHandler ["http-nio-8082"][0;39m
[2023-11-21 09:44:38 [32mINFO [0;39m Thread-7] [org.apache.coyote.http11.Http11NioProtocol] [36mDestroying ProtocolHandler ["http-nio-8082"][0;39m
[2023-11-21 09:44:38 [32mINFO [0;39m restartedMain] [com.green.greengram2.Greengram2Application] [36mStarting Greengram2Application using Java 17.0.8.1 with PID 3884 (D:\Students\kth\greengram2\target\classes started by Administrator in D:\Students\kth\greengram2)[0;39m
[2023-11-21 09:44:38 [32mINFO [0;39m restartedMain] [com.green.greengram2.Greengram2Application] [36mNo active profile set, falling back to 1 default profile: "default"[0;39m
[2023-11-21 09:44:38 [32mINFO [0;39m restartedMain] [org.springframework.boot.web.embedded.tomcat.TomcatWebServer] [36mTomcat initialized with port(s): 8082 (http)[0;39m
[2023-11-21 09:44:38 [32mINFO [0;39m restartedMain] [org.apache.coyote.http11.Http11NioProtocol] [36mInitializing ProtocolHandler ["http-nio-8082"][0;39m
[2023-11-21 09:44:38 [32mINFO [0;39m restartedMain] [org.apache.catalina.core.StandardService] [36mStarting service [Tomcat][0;39m
[2023-11-21 09:44:38 [32mINFO [0;39m restartedMain] [org.apache.catalina.core.StandardEngine] [36mStarting Servlet engine: [Apache Tomcat/10.1.15][0;39m
[2023-11-21 09:44:38 [32mINFO [0;39m restartedMain] [org.apache.catalina.core.ContainerBase.[Tomcat].[localhost].[/]] [36mInitializing Spring embedded WebApplicationContext[0;39m
[2023-11-21 09:44:38 [32mINFO [0;39m restartedMain] [org.springframework.boot.web.servlet.context.ServletWebServerApplicationContext] [36mRoot WebApplicationContext: initialization completed in 136 ms[0;39m
[2023-11-21 09:44:38 [32mINFO [0;39m restartedMain] [org.springframework.boot.autoconfigure.web.servlet.WelcomePageHandlerMapping] [36mAdding welcome page: class path resource [static/index.html][0;39m
[2023-11-21 09:44:38 [32mINFO [0;39m restartedMain] [org.springframework.boot.devtools.autoconfigure.OptionalLiveReloadServer] [36mLiveReload server is running on port 35729[0;39m
[2023-11-21 09:44:38 [32mINFO [0;39m restartedMain] [org.apache.coyote.http11.Http11NioProtocol] [36mStarting ProtocolHandler ["http-nio-8082"][0;39m
[2023-11-21 09:44:38 [32mINFO [0;39m restartedMain] [org.springframework.boot.web.embedded.tomcat.TomcatWebServer] [36mTomcat started on port(s): 8082 (http) with context path ''[0;39m
[2023-11-21 09:44:38 [32mINFO [0;39m restartedMain] [com.green.greengram2.Greengram2Application] [36mStarted Greengram2Application in 0.239 seconds (process running for 122.562)[0;39m
[2023-11-21 09:44:38 [32mINFO [0;39m restartedMain] [org.springframework.boot.devtools.autoconfigure.ConditionEvaluationDeltaLoggingListener] [36mCondition evaluation unchanged[0;39m
[2023-11-21 09:47:51 [32mINFO [0;39m restartedMain] [com.green.greengram2.Greengram2Application] [36mStarting Greengram2Application using Java 17.0.8.1 with PID 3224 (D:\Students\kth\greengram2\target\classes started by Administrator in D:\Students\kth\greengram2)[0;39m
[2023-11-21 09:47:51 [32mINFO [0;39m restartedMain] [com.green.greengram2.Greengram2Application] [36mNo active profile set, falling back to 1 default profile: "default"[0;39m
[2023-11-21 09:47:51 [32mINFO [0;39m restartedMain] [org.springframework.boot.devtools.env.DevToolsPropertyDefaultsPostProcessor] [36mDevtools property defaults active! Set 'spring.devtools.add-properties' to 'false' to disable[0;39m
[2023-11-21 09:47:51 [32mINFO [0;39m restartedMain] [org.springframework.boot.devtools.env.DevToolsPropertyDefaultsPostProcessor] [36mFor additional web related logging consider setting the 'logging.level.web' property to 'DEBUG'[0;39m
[2023-11-21 09:47:52 [32mINFO [0;39m restartedMain] [org.springframework.boot.web.embedded.tomcat.TomcatWebServer] [36mTomcat initialized with port(s): 8082 (http)[0;39m
[2023-11-21 09:47:52 [32mINFO [0;39m restartedMain] [org.apache.coyote.http11.Http11NioProtocol] [36mInitializing ProtocolHandler ["http-nio-8082"][0;39m
[2023-11-21 09:47:52 [32mINFO [0;39m restartedMain] [org.apache.catalina.core.StandardService] [36mStarting service [Tomcat][0;39m
[2023-11-21 09:47:52 [32mINFO [0;39m restartedMain] [org.apache.catalina.core.StandardEngine] [36mStarting Servlet engine: [Apache Tomcat/10.1.15][0;39m
[2023-11-21 09:47:52 [32mINFO [0;39m restartedMain] [org.apache.catalina.core.ContainerBase.[Tomcat].[localhost].[/]] [36mInitializing Spring embedded WebApplicationContext[0;39m
[2023-11-21 09:47:52 [32mINFO [0;39m restartedMain] [org.springframework.boot.web.servlet.context.ServletWebServerApplicationContext] [36mRoot WebApplicationContext: initialization completed in 674 ms[0;39m
[2023-11-21 09:47:52 [32mINFO [0;39m restartedMain] [org.springframework.boot.autoconfigure.web.servlet.WelcomePageHandlerMapping] [36mAdding welcome page: class path resource [static/index.html][0;39m
[2023-11-21 09:47:52 [32mINFO [0;39m restartedMain] [org.springframework.boot.devtools.autoconfigure.OptionalLiveReloadServer] [36mLiveReload server is running on port 35729[0;39m
[2023-11-21 09:47:52 [32mINFO [0;39m restartedMain] [org.apache.coyote.http11.Http11NioProtocol] [36mStarting ProtocolHandler ["http-nio-8082"][0;39m
[2023-11-21 09:47:52 [32mINFO [0;39m restartedMain] [org.springframework.boot.web.embedded.tomcat.TomcatWebServer] [36mTomcat started on port(s): 8082 (http) with context path ''[0;39m
[2023-11-21 09:47:52 [32mINFO [0;39m restartedMain] [com.green.greengram2.Greengram2Application] [36mStarted Greengram2Application in 1.435 seconds (process running for 1.795)[0;39m
[2023-11-21 09:48:04 [32mINFO [0;39m http-nio-8082-exec-1] [org.apache.catalina.core.ContainerBase.[Tomcat].[localhost].[/]] [36mInitializing Spring DispatcherServlet 'dispatcherServlet'[0;39m
[2023-11-21 09:48:04 [32mINFO [0;39m http-nio-8082-exec-1] [org.springframework.web.servlet.DispatcherServlet] [36mInitializing Servlet 'dispatcherServlet'[0;39m
[2023-11-21 09:48:04 [32mINFO [0;39m http-nio-8082-exec-1] [org.springframework.web.servlet.DispatcherServlet] [36mCompleted initialization in 0 ms[0;39m
[2023-11-21 09:48:04 [32mINFO [0;39m http-nio-8082-exec-2] [org.springdoc.api.AbstractOpenApiResource] [36mInit duration for springdoc-openapi is: 119 ms[0;39m
[2023-11-21 09:48:55 [32mINFO [0;39m File Watcher] [org.springframework.boot.devtools.autoconfigure.LocalDevToolsAutoConfiguration$RestartingClassPathChangeChangedEventListener] [36mRestarting due to 1 class path change (0 additions, 0 deletions, 1 modification)[0;39m
[2023-11-21 09:48:55 [32mINFO [0;39m Thread-5] [org.apache.coyote.http11.Http11NioProtocol] [36mPausing ProtocolHandler ["http-nio-8082"][0;39m
[2023-11-21 09:48:55 [32mINFO [0;39m Thread-5] [org.apache.catalina.core.StandardService] [36mStopping service [Tomcat][0;39m
[2023-11-21 09:48:55 [32mINFO [0;39m Thread-5] [org.apache.catalina.core.ContainerBase.[Tomcat].[localhost].[/]] [36mDestroying Spring FrameworkServlet 'dispatcherServlet'[0;39m
[2023-11-21 09:48:55 [32mINFO [0;39m Thread-5] [org.apache.coyote.http11.Http11NioProtocol] [36mStopping ProtocolHandler ["http-nio-8082"][0;39m
[2023-11-21 09:48:55 [32mINFO [0;39m Thread-5] [org.apache.coyote.http11.Http11NioProtocol] [36mDestroying ProtocolHandler ["http-nio-8082"][0;39m
[2023-11-21 09:48:55 [32mINFO [0;39m restartedMain] [com.green.greengram2.Greengram2Application] [36mStarting Greengram2Application using Java 17.0.8.1 with PID 3224 (D:\Students\kth\greengram2\target\classes started by Administrator in D:\Students\kth\greengram2)[0;39m
[2023-11-21 09:48:55 [32mINFO [0;39m restartedMain] [com.green.greengram2.Greengram2Application] [36mNo active profile set, falling back to 1 default profile: "default"[0;39m
[2023-11-21 09:48:55 [32mINFO [0;39m restartedMain] [org.springframework.boot.web.embedded.tomcat.TomcatWebServer] [36mTomcat initialized with port(s): 8082 (http)[0;39m
[2023-11-21 09:48:55 [32mINFO [0;39m restartedMain] [org.apache.coyote.http11.Http11NioProtocol] [36mInitializing ProtocolHandler ["http-nio-8082"][0;39m
[2023-11-21 09:48:55 [32mINFO [0;39m restartedMain] [org.apache.catalina.core.StandardService] [36mStarting service [Tomcat][0;39m
[2023-11-21 09:48:55 [32mINFO [0;39m restartedMain] [org.apache.catalina.core.StandardEngine] [36mStarting Servlet engine: [Apache Tomcat/10.1.15][0;39m
[2023-11-21 09:48:55 [32mINFO [0;39m restartedMain] [org.apache.catalina.core.ContainerBase.[Tomcat].[localhost].[/]] [36mInitializing Spring embedded WebApplicationContext[0;39m
[2023-11-21 09:48:55 [32mINFO [0;39m restartedMain] [org.springframework.boot.web.servlet.context.ServletWebServerApplicationContext] [36mRoot WebApplicationContext: initialization completed in 151 ms[0;39m
[2023-11-21 09:48:55 [32mINFO [0;39m restartedMain] [org.springframework.boot.autoconfigure.web.servlet.WelcomePageHandlerMapping] [36mAdding welcome page: class path resource [static/index.html][0;39m
[2023-11-21 09:48:55 [32mINFO [0;39m restartedMain] [org.springframework.boot.devtools.autoconfigure.OptionalLiveReloadServer] [36mLiveReload server is running on port 35729[0;39m
[2023-11-21 09:48:55 [32mINFO [0;39m restartedMain] [org.apache.coyote.http11.Http11NioProtocol] [36mStarting ProtocolHandler ["http-nio-8082"][0;39m
[2023-11-21 09:48:55 [32mINFO [0;39m restartedMain] [org.springframework.boot.web.embedded.tomcat.TomcatWebServer] [36mTomcat started on port(s): 8082 (http) with context path ''[0;39m
[2023-11-21 09:48:55 [32mINFO [0;39m restartedMain] [com.green.greengram2.Greengram2Application] [36mStarted Greengram2Application in 0.263 seconds (process running for 64.776)[0;39m
[2023-11-21 09:48:55 [32mINFO [0;39m restartedMain] [org.springframework.boot.devtools.autoconfigure.ConditionEvaluationDeltaLoggingListener] [36mCondition evaluation unchanged[0;39m
[2023-11-21 09:51:33 [32mINFO [0;39m restartedMain] [com.green.greengram2.Greengram2Application] [36mStarting Greengram2Application using Java 17.0.8.1 with PID 5644 (D:\Students\kth\greengram2\target\classes started by Administrator in D:\Students\kth\greengram2)[0;39m
[2023-11-21 09:51:33 [32mINFO [0;39m restartedMain] [com.green.greengram2.Greengram2Application] [36mNo active profile set, falling back to 1 default profile: "default"[0;39m
[2023-11-21 09:51:33 [32mINFO [0;39m restartedMain] [org.springframework.boot.devtools.env.DevToolsPropertyDefaultsPostProcessor] [36mDevtools property defaults active! Set 'spring.devtools.add-properties' to 'false' to disable[0;39m
[2023-11-21 09:51:33 [32mINFO [0;39m restartedMain] [org.springframework.boot.devtools.env.DevToolsPropertyDefaultsPostProcessor] [36mFor additional web related logging consider setting the 'logging.level.web' property to 'DEBUG'[0;39m
[2023-11-21 09:51:34 [32mINFO [0;39m restartedMain] [org.springframework.boot.web.embedded.tomcat.TomcatWebServer] [36mTomcat initialized with port(s): 8082 (http)[0;39m
[2023-11-21 09:51:34 [32mINFO [0;39m restartedMain] [org.apache.coyote.http11.Http11NioProtocol] [36mInitializing ProtocolHandler ["http-nio-8082"][0;39m
[2023-11-21 09:51:34 [32mINFO [0;39m restartedMain] [org.apache.catalina.core.StandardService] [36mStarting service [Tomcat][0;39m
[2023-11-21 09:51:34 [32mINFO [0;39m restartedMain] [org.apache.catalina.core.StandardEngine] [36mStarting Servlet engine: [Apache Tomcat/10.1.15][0;39m
[2023-11-21 09:51:34 [32mINFO [0;39m restartedMain] [org.apache.catalina.core.ContainerBase.[Tomcat].[localhost].[/]] [36mInitializing Spring embedded WebApplicationContext[0;39m
[2023-11-21 09:51:34 [32mINFO [0;39m restartedMain] [org.springframework.boot.web.servlet.context.ServletWebServerApplicationContext] [36mRoot WebApplicationContext: initialization completed in 689 ms[0;39m
[2023-11-21 09:51:34 [32mINFO [0;39m restartedMain] [org.springframework.boot.autoconfigure.web.servlet.WelcomePageHandlerMapping] [36mAdding welcome page: class path resource [static/index.html][0;39m
[2023-11-21 09:51:34 [32mINFO [0;39m restartedMain] [org.springframework.boot.devtools.autoconfigure.OptionalLiveReloadServer] [36mLiveReload server is running on port 35729[0;39m
[2023-11-21 09:51:34 [32mINFO [0;39m restartedMain] [org.apache.coyote.http11.Http11NioProtocol] [36mStarting ProtocolHandler ["http-nio-8082"][0;39m
[2023-11-21 09:51:34 [32mINFO [0;39m restartedMain] [org.springframework.boot.web.embedded.tomcat.TomcatWebServer] [36mTomcat started on port(s): 8082 (http) with context path ''[0;39m
[2023-11-21 09:51:34 [32mINFO [0;39m restartedMain] [com.green.greengram2.Greengram2Application] [36mStarted Greengram2Application in 1.433 seconds (process running for 1.792)[0;39m
[2023-11-21 09:51:52 [32mINFO [0;39m http-nio-8082-exec-1] [org.apache.catalina.core.ContainerBase.[Tomcat].[localhost].[/]] [36mInitializing Spring DispatcherServlet 'dispatcherServlet'[0;39m
[2023-11-21 09:51:52 [32mINFO [0;39m http-nio-8082-exec-1] [org.springframework.web.servlet.DispatcherServlet] [36mInitializing Servlet 'dispatcherServlet'[0;39m
[2023-11-21 09:51:52 [32mINFO [0;39m http-nio-8082-exec-1] [org.springframework.web.servlet.DispatcherServlet] [36mCompleted initialization in 0 ms[0;39m
[2023-11-21 09:51:52 [32mINFO [0;39m http-nio-8082-exec-4] [org.springdoc.api.AbstractOpenApiResource] [36mInit duration for springdoc-openapi is: 121 ms[0;39m
[2023-11-21 09:59:09 [32mINFO [0;39m restartedMain] [com.green.greengram2.Greengram2Application] [36mStarting Greengram2Application using Java 17.0.8.1 with PID 6068 (D:\Students\kth\greengram2\target\classes started by Administrator in D:\Students\kth\greengram2)[0;39m
[2023-11-21 09:59:09 [32mINFO [0;39m restartedMain] [com.green.greengram2.Greengram2Application] [36mNo active profile set, falling back to 1 default profile: "default"[0;39m
[2023-11-21 09:59:09 [32mINFO [0;39m restartedMain] [org.springframework.boot.devtools.env.DevToolsPropertyDefaultsPostProcessor] [36mDevtools property defaults active! Set 'spring.devtools.add-properties' to 'false' to disable[0;39m
[2023-11-21 09:59:09 [32mINFO [0;39m restartedMain] [org.springframework.boot.devtools.env.DevToolsPropertyDefaultsPostProcessor] [36mFor additional web related logging consider setting the 'logging.level.web' property to 'DEBUG'[0;39m
[2023-11-21 09:59:09 [32mINFO [0;39m restartedMain] [org.springframework.boot.web.embedded.tomcat.TomcatWebServer] [36mTomcat initialized with port(s): 8082 (http)[0;39m
[2023-11-21 09:59:09 [32mINFO [0;39m restartedMain] [org.apache.coyote.http11.Http11NioProtocol] [36mInitializing ProtocolHandler ["http-nio-8082"][0;39m
[2023-11-21 09:59:09 [32mINFO [0;39m restartedMain] [org.apache.catalina.core.StandardService] [36mStarting service [Tomcat][0;39m
[2023-11-21 09:59:09 [32mINFO [0;39m restartedMain] [org.apache.catalina.core.StandardEngine] [36mStarting Servlet engine: [Apache Tomcat/10.1.15][0;39m
[2023-11-21 09:59:09 [32mINFO [0;39m restartedMain] [org.apache.catalina.core.ContainerBase.[Tomcat].[localhost].[/]] [36mInitializing Spring embedded WebApplicationContext[0;39m
[2023-11-21 09:59:09 [32mINFO [0;39m restartedMain] [org.springframework.boot.web.servlet.context.ServletWebServerApplicationContext] [36mRoot WebApplicationContext: initialization completed in 683 ms[0;39m
[2023-11-21 09:59:10 [32mINFO [0;39m restartedMain] [org.springframework.boot.autoconfigure.web.servlet.WelcomePageHandlerMapping] [36mAdding welcome page: class path resource [static/index.html][0;39m
[2023-11-21 09:59:10 [32mINFO [0;39m restartedMain] [org.springframework.boot.devtools.autoconfigure.OptionalLiveReloadServer] [36mLiveReload server is running on port 35729[0;39m
[2023-11-21 09:59:10 [32mINFO [0;39m restartedMain] [org.apache.coyote.http11.Http11NioProtocol] [36mStarting ProtocolHandler ["http-nio-8082"][0;39m
[2023-11-21 09:59:10 [32mINFO [0;39m restartedMain] [org.springframework.boot.web.embedded.tomcat.TomcatWebServer] [36mTomcat started on port(s): 8082 (http) with context path ''[0;39m
[2023-11-21 09:59:10 [32mINFO [0;39m restartedMain] [com.green.greengram2.Greengram2Application] [36mStarted Greengram2Application in 1.438 seconds (process running for 1.808)[0;39m
[2023-11-21 09:59:20 [32mINFO [0;39m http-nio-8082-exec-1] [org.apache.catalina.core.ContainerBase.[Tomcat].[localhost].[/]] [36mInitializing Spring DispatcherServlet 'dispatcherServlet'[0;39m
[2023-11-21 09:59:20 [32mINFO [0;39m http-nio-8082-exec-1] [org.springframework.web.servlet.DispatcherServlet] [36mInitializing Servlet 'dispatcherServlet'[0;39m
[2023-11-21 09:59:20 [32mINFO [0;39m http-nio-8082-exec-1] [org.springframework.web.servlet.DispatcherServlet] [36mCompleted initialization in 1 ms[0;39m
[2023-11-21 09:59:20 [32mINFO [0;39m http-nio-8082-exec-8] [org.springdoc.api.AbstractOpenApiResource] [36mInit duration for springdoc-openapi is: 122 ms[0;39m
[2023-11-21 10:01:30 [32mINFO [0;39m restartedMain] [com.green.greengram2.Greengram2Application] [36mStarting Greengram2Application using Java 17.0.8.1 with PID 3732 (D:\Students\kth\greengram2\target\classes started by Administrator in D:\Students\kth\greengram2)[0;39m
[2023-11-21 10:01:30 [32mINFO [0;39m restartedMain] [com.green.greengram2.Greengram2Application] [36mNo active profile set, falling back to 1 default profile: "default"[0;39m
[2023-11-21 10:01:30 [32mINFO [0;39m restartedMain] [org.springframework.boot.devtools.env.DevToolsPropertyDefaultsPostProcessor] [36mDevtools property defaults active! Set 'spring.devtools.add-properties' to 'false' to disable[0;39m
[2023-11-21 10:01:30 [32mINFO [0;39m restartedMain] [org.springframework.boot.devtools.env.DevToolsPropertyDefaultsPostProcessor] [36mFor additional web related logging consider setting the 'logging.level.web' property to 'DEBUG'[0;39m
[2023-11-21 10:01:31 [32mINFO [0;39m restartedMain] [org.springframework.boot.web.embedded.tomcat.TomcatWebServer] [36mTomcat initialized with port(s): 8082 (http)[0;39m
[2023-11-21 10:01:31 [32mINFO [0;39m restartedMain] [org.apache.coyote.http11.Http11NioProtocol] [36mInitializing ProtocolHandler ["http-nio-8082"][0;39m
[2023-11-21 10:01:31 [32mINFO [0;39m restartedMain] [org.apache.catalina.core.StandardService] [36mStarting service [Tomcat][0;39m
[2023-11-21 10:01:31 [32mINFO [0;39m restartedMain] [org.apache.catalina.core.StandardEngine] [36mStarting Servlet engine: [Apache Tomcat/10.1.15][0;39m
[2023-11-21 10:01:31 [32mINFO [0;39m restartedMain] [org.apache.catalina.core.ContainerBase.[Tomcat].[localhost].[/]] [36mInitializing Spring embedded WebApplicationContext[0;39m
[2023-11-21 10:01:31 [32mINFO [0;39m restartedMain] [org.springframework.boot.web.servlet.context.ServletWebServerApplicationContext] [36mRoot WebApplicationContext: initialization completed in 679 ms[0;39m
[2023-11-21 10:01:31 [32mINFO [0;39m restartedMain] [org.springframework.boot.autoconfigure.web.servlet.WelcomePageHandlerMapping] [36mAdding welcome page: class path resource [static/index.html][0;39m
[2023-11-21 10:01:31 [32mINFO [0;39m restartedMain] [org.springframework.boot.devtools.autoconfigure.OptionalLiveReloadServer] [36mLiveReload server is running on port 35729[0;39m
[2023-11-21 10:01:31 [32mINFO [0;39m restartedMain] [org.apache.coyote.http11.Http11NioProtocol] [36mStarting ProtocolHandler ["http-nio-8082"][0;39m
[2023-11-21 10:01:31 [32mINFO [0;39m restartedMain] [org.springframework.boot.web.embedded.tomcat.TomcatWebServer] [36mTomcat started on port(s): 8082 (http) with context path ''[0;39m
[2023-11-21 10:01:31 [32mINFO [0;39m restartedMain] [com.green.greengram2.Greengram2Application] [36mStarted Greengram2Application in 1.429 seconds (process running for 1.792)[0;39m
[2023-11-21 10:01:34 [32mINFO [0;39m http-nio-8082-exec-1] [org.apache.catalina.core.ContainerBase.[Tomcat].[localhost].[/]] [36mInitializing Spring DispatcherServlet 'dispatcherServlet'[0;39m
[2023-11-21 10:01:34 [32mINFO [0;39m http-nio-8082-exec-1] [org.springframework.web.servlet.DispatcherServlet] [36mInitializing Servlet 'dispatcherServlet'[0;39m
[2023-11-21 10:01:34 [32mINFO [0;39m http-nio-8082-exec-1] [org.springframework.web.servlet.DispatcherServlet] [36mCompleted initialization in 1 ms[0;39m
[2023-11-21 10:01:34 [32mINFO [0;39m http-nio-8082-exec-4] [org.springdoc.api.AbstractOpenApiResource] [36mInit duration for springdoc-openapi is: 126 ms[0;39m
[2023-11-21 10:05:05 [32mINFO [0;39m restartedMain] [com.green.greengram2.Greengram2Application] [36mStarting Greengram2Application using Java 17.0.8.1 with PID 5916 (D:\Students\kth\greengram2\target\classes started by Administrator in D:\Students\kth\greengram2)[0;39m
[2023-11-21 10:05:05 [32mINFO [0;39m restartedMain] [com.green.greengram2.Greengram2Application] [36mNo active profile set, falling back to 1 default profile: "default"[0;39m
[2023-11-21 10:05:05 [32mINFO [0;39m restartedMain] [org.springframework.boot.devtools.env.DevToolsPropertyDefaultsPostProcessor] [36mDevtools property defaults active! Set 'spring.devtools.add-properties' to 'false' to disable[0;39m
[2023-11-21 10:05:05 [32mINFO [0;39m restartedMain] [org.springframework.boot.devtools.env.DevToolsPropertyDefaultsPostProcessor] [36mFor additional web related logging consider setting the 'logging.level.web' property to 'DEBUG'[0;39m
[2023-11-21 10:05:06 [32mINFO [0;39m restartedMain] [org.springframework.boot.web.embedded.tomcat.TomcatWebServer] [36mTomcat initialized with port(s): 8082 (http)[0;39m
[2023-11-21 10:05:06 [32mINFO [0;39m restartedMain] [org.apache.coyote.http11.Http11NioProtocol] [36mInitializing ProtocolHandler ["http-nio-8082"][0;39m
[2023-11-21 10:05:06 [32mINFO [0;39m restartedMain] [org.apache.catalina.core.StandardService] [36mStarting service [Tomcat][0;39m
[2023-11-21 10:05:06 [32mINFO [0;39m restartedMain] [org.apache.catalina.core.StandardEngine] [36mStarting Servlet engine: [Apache Tomcat/10.1.15][0;39m
[2023-11-21 10:05:06 [32mINFO [0;39m restartedMain] [org.apache.catalina.core.ContainerBase.[Tomcat].[localhost].[/]] [36mInitializing Spring embedded WebApplicationContext[0;39m
[2023-11-21 10:05:06 [32mINFO [0;39m restartedMain] [org.springframework.boot.web.servlet.context.ServletWebServerApplicationContext] [36mRoot WebApplicationContext: initialization completed in 688 ms[0;39m
[2023-11-21 10:05:06 [32mINFO [0;39m restartedMain] [org.springframework.boot.autoconfigure.web.servlet.WelcomePageHandlerMapping] [36mAdding welcome page: class path resource [static/index.html][0;39m
[2023-11-21 10:05:06 [32mINFO [0;39m restartedMain] [org.springframework.boot.devtools.autoconfigure.OptionalLiveReloadServer] [36mLiveReload server is running on port 35729[0;39m
[2023-11-21 10:05:06 [32mINFO [0;39m restartedMain] [org.apache.coyote.http11.Http11NioProtocol] [36mStarting ProtocolHandler ["http-nio-8082"][0;39m
[2023-11-21 10:05:06 [32mINFO [0;39m restartedMain] [org.springframework.boot.web.embedded.tomcat.TomcatWebServer] [36mTomcat started on port(s): 8082 (http) with context path ''[0;39m
[2023-11-21 10:05:06 [32mINFO [0;39m restartedMain] [com.green.greengram2.Greengram2Application] [36mStarted Greengram2Application in 1.433 seconds (process running for 1.791)[0;39m
[2023-11-21 10:05:18 [32mINFO [0;39m http-nio-8082-exec-1] [org.apache.catalina.core.ContainerBase.[Tomcat].[localhost].[/]] [36mInitializing Spring DispatcherServlet 'dispatcherServlet'[0;39m
[2023-11-21 10:05:18 [32mINFO [0;39m http-nio-8082-exec-1] [org.springframework.web.servlet.DispatcherServlet] [36mInitializing Servlet 'dispatcherServlet'[0;39m
[2023-11-21 10:05:18 [32mINFO [0;39m http-nio-8082-exec-1] [org.springframework.web.servlet.DispatcherServlet] [36mCompleted initialization in 1 ms[0;39m
[2023-11-21 10:05:18 [32mINFO [0;39m http-nio-8082-exec-8] [org.springdoc.api.AbstractOpenApiResource] [36mInit duration for springdoc-openapi is: 124 ms[0;39m
